0 info it worked if it ends with ok
1 verbose cli [ 'E:\\InstalledSoftware\\nodejs\\node.exe',
1 verbose cli   'E:\\InstalledSoftware\\nodejs\\node_modules\\npm\\bin\\npm-cli.js',
1 verbose cli   'start' ]
2 info using npm@3.10.10
3 info using node@v6.9.5
4 verbose run-script [ 'prestart', 'start', 'poststart' ]
5 info lifecycle myhapi@1.0.0~prestart: myhapi@1.0.0
6 silly lifecycle myhapi@1.0.0~prestart: no script for prestart, continuing
7 info lifecycle myhapi@1.0.0~start: myhapi@1.0.0
8 verbose lifecycle myhapi@1.0.0~start: unsafe-perm in lifecycle true
9 verbose lifecycle myhapi@1.0.0~start: PATH: E:\InstalledSoftware\nodejs\node_modules\npm\bin\node-gyp-bin;F:\project\hapi_nsq\node_modules\.bin;C:\windows\system32;C:\windows;C:\windows\System32\Wbem;C:\windows\System32\WindowsPowerShell\v1.0\;C:\Program Files\Microsoft\Web Platform Installer\;C:\Program Files (x86)\Microsoft ASP.NET\ASP.NET Web Pages\v1.0\;C:\Program Files (x86)\Windows Kits\8.0\Windows Performance Toolkit\;C:\Program Files\Microsoft SQL Server\110\Tools\Binn\;C:\Program Files (x86)\Microsoft SQL Server\100\Tools\Binn\;C:\Program Files\Microsoft SQL Server\100\Tools\Binn\;C:\Program Files\Microsoft SQL Server\100\DTS\Binn\;C:\Program Files (x86)\Microsoft SQL Server\100\Tools\Binn\VSShell\Common7\IDE\;C:\Program Files (x86)\Microsoft Visual Studio 9.0\Common7\IDE\PrivateAssemblies\;C:\Program Files (x86)\Microsoft SQL Server\100\DTS\Binn\;C:\Program Files\TortoiseGit\bin;C:\Program Files\Git\cmd;C:\Program Files\SourceGear\Common\DiffMerge\;E:\InstalledSoftware\nodejs\;C:\Go\bin;E:\InstalledSoftware\nodejs\node.exe;E:\InstalledSoftware\Microsoft VS Code\bin;C:\Program Files\Bandizip\7z;D:\MyConfiguration\zh25745\AppData\Roaming\npm;C:\Go\bin;E:\InstalledSoftware\nsq\bin
10 verbose lifecycle myhapi@1.0.0~start: CWD: F:\project\hapi_nsq
11 silly lifecycle myhapi@1.0.0~start: Args: [ '/d /s /c', 'babel-node tools/apps.js' ]
12 silly lifecycle myhapi@1.0.0~start: Returned: code: 1  signal: null
13 info lifecycle myhapi@1.0.0~start: Failed to exec start script
14 verbose stack Error: myhapi@1.0.0 start: `babel-node tools/apps.js`
14 verbose stack Exit status 1
14 verbose stack     at EventEmitter.<anonymous> (E:\InstalledSoftware\nodejs\node_modules\npm\lib\utils\lifecycle.js:255:16)
14 verbose stack     at emitTwo (events.js:106:13)
14 verbose stack     at EventEmitter.emit (events.js:191:7)
14 verbose stack     at ChildProcess.<anonymous> (E:\InstalledSoftware\nodejs\node_modules\npm\lib\utils\spawn.js:40:14)
14 verbose stack     at emitTwo (events.js:106:13)
14 verbose stack     at ChildProcess.emit (events.js:191:7)
14 verbose stack     at maybeClose (internal/child_process.js:877:16)
14 verbose stack     at Process.ChildProcess._handle.onexit (internal/child_process.js:226:5)
15 verbose pkgid myhapi@1.0.0
16 verbose cwd F:\project\hapi_nsq
17 error Windows_NT 6.1.7601
18 error argv "E:\\InstalledSoftware\\nodejs\\node.exe" "E:\\InstalledSoftware\\nodejs\\node_modules\\npm\\bin\\npm-cli.js" "start"
19 error node v6.9.5
20 error npm  v3.10.10
21 error code ELIFECYCLE
22 error myhapi@1.0.0 start: `babel-node tools/apps.js`
22 error Exit status 1
23 error Failed at the myhapi@1.0.0 start script 'babel-node tools/apps.js'.
23 error Make sure you have the latest version of node.js and npm installed.
23 error If you do, this is most likely a problem with the myhapi package,
23 error not with npm itself.
23 error Tell the author that this fails on your system:
23 error     babel-node tools/apps.js
23 error You can get information on how to open an issue for this project with:
23 error     npm bugs myhapi
23 error Or if that isn't available, you can get their info via:
23 error     npm owner ls myhapi
23 error There is likely additional logging output above.
24 verbose exit [ 1, true ]
